<?xml version="1.0" encoding="UTF-8"?>
<testng-results ignored="0" total="1" passed="1" failed="0" skipped="0">
  <reporter-output>
  </reporter-output>
  <suite started-at="2026-04-14T20:24:29 IST" name="Default suite" finished-at="2026-04-14T20:24:35 IST" duration-ms="5885">
    <groups>
    </groups>
    <test started-at="2026-04-14T20:24:29 IST" name="Default test" finished-at="2026-04-14T20:24:35 IST" duration-ms="5885">
      <class name="test.EndToEndTest">
        <test-method is-config="true" signature="setup(java.lang.reflect.Method)[pri:0, instance:test.EndToEndTest@3eb738bb]" started-at="2026-04-14T20:24:29 IST" name="setup" finished-at="2026-04-14T20:24:32 IST" duration-ms="2310" status="PASS">
          <params>
            <param index="0">
              <value>
                <![CDATA[public void test.EndToEndTest.completeOrderTest()]]>
              </value>
            </param>
          </params>
          <reporter-output>
          </reporter-output>
        </test-method> <!-- setup -->
        <test-method is-config="true" signature="initPages()[pri:0, instance:test.EndToEndTest@3eb738bb]" started-at="2026-04-14T20:24:32 IST" name="initPages" finished-at="2026-04-14T20:24:32 IST" duration-ms="27" status="PASS">
          <reporter-output>
          </reporter-output>
        </test-method> <!-- initPages -->
        <test-method signature="completeOrderTest()[pri:0, instance:test.EndToEndTest@3eb738bb]" started-at="2026-04-14T20:24:32 IST" name="completeOrderTest" finished-at="2026-04-14T20:24:35 IST" duration-ms="2832" status="PASS">
          <reporter-output>
          </reporter-output>
        </test-method> <!-- completeOrderTest -->
        <test-method is-config="true" signature="tearDown()[pri:0, instance:test.EndToEndTest@3eb738bb]" started-at="2026-04-14T20:24:35 IST" name="tearDown" finished-at="2026-04-14T20:24:35 IST" duration-ms="661" status="PASS">
          <reporter-output>
          </reporter-output>
        </test-method> <!-- tearDown -->
      </class> <!-- test.EndToEndTest -->
    </test> <!-- Default test -->
  </suite> <!-- Default suite -->
</testng-results>
